<?xml version="1.0" encoding="UTF-8"?>
<coverage generated="1774740970514" clover="3.2.0">
  <project timestamp="1774740970514" name="All files">
    <metrics statements="173" coveredstatements="137" conditionals="90" coveredconditionals="69" methods="26" coveredmethods="25" elements="289" coveredelements="231" complexity="0" loc="173" ncloc="173" packages="2" files="2" classes="2"/>
    <package name="server">
      <metrics statements="63" coveredstatements="47" conditionals="25" coveredconditionals="13" methods="19" coveredmethods="18"/>
      <file name="db.js" path="D:\ProjectPool2\hirotoitpost\GitHub\VideCoding\examples\02-intermediate\web-accounting-app\server\db.js">
        <metrics statements="63" coveredstatements="47" conditionals="25" coveredconditionals="13" methods="19" coveredmethods="18"/>
        <line num="8" count="1" type="stmt"/>
        <line num="9" count="1" type="stmt"/>
        <line num="11" count="1" type="cond" truecount="2" falsecount="0"/>
        <line num="12" count="1" type="stmt"/>
        <line num="17" count="1" type="stmt"/>
        <line num="18" count="67" type="stmt"/>
        <line num="19" count="67" type="cond" truecount="2" falsecount="0"/>
        <line num="20" count="66" type="stmt"/>
        <line num="21" count="66" type="stmt"/>
        <line num="24" count="1" type="stmt"/>
        <line num="25" count="1" type="cond" truecount="1" falsecount="1"/>
        <line num="26" count="0" type="stmt"/>
        <line num="27" count="0" type="stmt"/>
        <line num="29" count="1" type="stmt"/>
        <line num="30" count="1" type="stmt"/>
        <line num="39" count="1" type="stmt"/>
        <line num="40" count="1" type="stmt"/>
        <line num="41" count="1" type="stmt"/>
        <line num="44" count="1" type="stmt"/>
        <line num="45" count="1" type="stmt"/>
        <line num="46" count="1" type="stmt"/>
        <line num="57" count="1" type="cond" truecount="1" falsecount="1"/>
        <line num="58" count="0" type="stmt"/>
        <line num="59" count="0" type="stmt"/>
        <line num="61" count="1" type="stmt"/>
        <line num="62" count="1" type="stmt"/>
        <line num="67" count="1" type="stmt"/>
        <line num="70" count="1" type="cond" truecount="1" falsecount="1"/>
        <line num="73" count="1" type="stmt"/>
        <line num="76" count="1" type="cond" truecount="1" falsecount="1"/>
        <line num="81" count="1" type="stmt"/>
        <line num="84" count="0" type="stmt"/>
        <line num="85" count="0" type="stmt"/>
        <line num="92" count="1" type="cond" truecount="1" falsecount="0"/>
        <line num="93" count="44" type="stmt"/>
        <line num="94" count="44" type="stmt"/>
        <line num="95" count="44" type="stmt"/>
        <line num="96" count="44" type="cond" truecount="1" falsecount="1"/>
        <line num="97" count="44" type="stmt"/>
        <line num="105" count="1" type="cond" truecount="0" falsecount="1"/>
        <line num="106" count="17" type="stmt"/>
        <line num="107" count="17" type="stmt"/>
        <line num="108" count="17" type="stmt"/>
        <line num="109" count="17" type="cond" truecount="1" falsecount="1"/>
        <line num="110" count="17" type="stmt"/>
        <line num="118" count="1" type="cond" truecount="0" falsecount="1"/>
        <line num="119" count="5" type="stmt"/>
        <line num="120" count="5" type="stmt"/>
        <line num="121" count="5" type="stmt"/>
        <line num="122" count="5" type="cond" truecount="1" falsecount="1"/>
        <line num="123" count="5" type="cond" truecount="1" falsecount="1"/>
        <line num="132" count="1" type="stmt"/>
        <line num="133" count="0" type="stmt"/>
        <line num="134" count="0" type="stmt"/>
        <line num="135" count="0" type="cond" truecount="0" falsecount="2"/>
        <line num="136" count="0" type="stmt"/>
        <line num="137" count="0" type="stmt"/>
        <line num="140" count="0" type="stmt"/>
        <line num="153" count="0" type="stmt"/>
        <line num="154" count="0" type="stmt"/>
        <line num="161" count="0" type="stmt"/>
        <line num="163" count="0" type="stmt"/>
        <line num="168" count="1" type="stmt"/>
      </file>
    </package>
    <package name="server.routes">
      <metrics statements="110" coveredstatements="90" conditionals="65" coveredconditionals="56" methods="7" coveredmethods="7"/>
      <file name="transactions.js" path="D:\ProjectPool2\hirotoitpost\GitHub\VideCoding\examples\02-intermediate\web-accounting-app\server\routes\transactions.js">
        <metrics statements="110" coveredstatements="90" conditionals="65" coveredconditionals="56" methods="7" coveredmethods="7"/>
        <line num="6" count="1" type="stmt"/>
        <line num="7" count="1" type="stmt"/>
        <line num="8" count="1" type="stmt"/>
        <line num="21" count="1" type="stmt"/>
        <line num="22" count="10" type="stmt"/>
        <line num="25" count="10" type="cond" truecount="5" falsecount="0"/>
        <line num="26" count="1" type="stmt"/>
        <line num="33" count="9" type="stmt"/>
        <line num="34" count="9" type="cond" truecount="2" falsecount="0"/>
        <line num="35" count="1" type="stmt"/>
        <line num="41" count="8" type="stmt"/>
        <line num="42" count="8" type="cond" truecount="2" falsecount="0"/>
        <line num="43" count="1" type="stmt"/>
        <line num="49" count="7" type="cond" truecount="4" falsecount="0"/>
        <line num="50" count="1" type="stmt"/>
        <line num="56" count="6" type="cond" truecount="3" falsecount="1"/>
        <line num="57" count="0" type="stmt"/>
        <line num="61" count="6" type="cond" truecount="3" falsecount="1"/>
        <line num="62" count="0" type="stmt"/>
        <line num="67" count="6" type="stmt"/>
        <line num="79" count="1" type="stmt"/>
        <line num="80" count="4" type="stmt"/>
        <line num="81" count="4" type="stmt"/>
        <line num="82" count="4" type="stmt"/>
        <line num="83" count="4" type="stmt"/>
        <line num="86" count="4" type="cond" truecount="2" falsecount="0"/>
        <line num="87" count="1" type="cond" truecount="1" falsecount="1"/>
        <line num="88" count="0" type="stmt"/>
        <line num="90" count="1" type="stmt"/>
        <line num="91" count="1" type="stmt"/>
        <line num="94" count="4" type="cond" truecount="2" falsecount="0"/>
        <line num="95" count="1" type="cond" truecount="1" falsecount="1"/>
        <line num="96" count="0" type="stmt"/>
        <line num="98" count="1" type="stmt"/>
        <line num="99" count="1" type="stmt"/>
        <line num="103" count="4" type="cond" truecount="2" falsecount="0"/>
        <line num="104" count="1" type="stmt"/>
        <line num="105" count="1" type="cond" truecount="1" falsecount="1"/>
        <line num="106" count="0" type="stmt"/>
        <line num="110" count="1" type="stmt"/>
        <line num="111" count="1" type="stmt"/>
        <line num="115" count="4" type="stmt"/>
        <line num="117" count="4" type="stmt"/>
        <line num="118" count="4" type="stmt"/>
        <line num="124" count="0" type="stmt"/>
        <line num="125" count="0" type="stmt"/>
        <line num="137" count="1" type="stmt"/>
        <line num="138" count="6" type="stmt"/>
        <line num="139" count="6" type="stmt"/>
        <line num="142" count="6" type="stmt"/>
        <line num="143" count="6" type="cond" truecount="4" falsecount="0"/>
        <line num="144" count="1" type="stmt"/>
        <line num="149" count="5" type="stmt"/>
        <line num="154" count="5" type="cond" truecount="2" falsecount="0"/>
        <line num="155" count="3" type="stmt"/>
        <line num="161" count="2" type="stmt"/>
        <line num="166" count="0" type="stmt"/>
        <line num="167" count="0" type="stmt"/>
        <line num="179" count="1" type="stmt"/>
        <line num="180" count="3" type="stmt"/>
        <line num="181" count="3" type="cond" truecount="1" falsecount="0"/>
        <line num="183" count="3" type="stmt"/>
        <line num="190" count="3" type="stmt"/>
        <line num="195" count="3" type="stmt"/>
        <line num="201" count="0" type="stmt"/>
        <line num="202" count="0" type="stmt"/>
        <line num="214" count="1" type="stmt"/>
        <line num="215" count="3" type="stmt"/>
        <line num="216" count="3" type="stmt"/>
        <line num="217" count="3" type="cond" truecount="1" falsecount="0"/>
        <line num="220" count="3" type="stmt"/>
        <line num="221" count="3" type="cond" truecount="3" falsecount="1"/>
        <line num="222" count="0" type="stmt"/>
        <line num="228" count="3" type="stmt"/>
        <line num="233" count="3" type="cond" truecount="2" falsecount="0"/>
        <line num="234" count="1" type="stmt"/>
        <line num="241" count="2" type="stmt"/>
        <line num="249" count="2" type="stmt"/>
        <line num="254" count="2" type="stmt"/>
        <line num="260" count="0" type="stmt"/>
        <line num="261" count="0" type="stmt"/>
        <line num="273" count="1" type="stmt"/>
        <line num="274" count="3" type="stmt"/>
        <line num="275" count="3" type="stmt"/>
        <line num="278" count="3" type="stmt"/>
        <line num="279" count="3" type="cond" truecount="3" falsecount="1"/>
        <line num="280" count="0" type="stmt"/>
        <line num="286" count="3" type="stmt"/>
        <line num="291" count="3" type="cond" truecount="2" falsecount="0"/>
        <line num="292" count="1" type="stmt"/>
        <line num="299" count="2" type="stmt"/>
        <line num="304" count="2" type="stmt"/>
        <line num="310" count="0" type="stmt"/>
        <line num="311" count="0" type="stmt"/>
        <line num="326" count="1" type="stmt"/>
        <line num="327" count="2" type="stmt"/>
        <line num="328" count="2" type="stmt"/>
        <line num="330" count="2" type="cond" truecount="4" falsecount="0"/>
        <line num="331" count="1" type="stmt"/>
        <line num="337" count="1" type="stmt"/>
        <line num="338" count="1" type="stmt"/>
        <line num="340" count="1" type="cond" truecount="5" falsecount="1"/>
        <line num="341" count="0" type="stmt"/>
        <line num="346" count="1" type="stmt"/>
        <line num="348" count="1" type="stmt"/>
        <line num="363" count="1" type="stmt"/>
        <line num="368" count="1" type="stmt"/>
        <line num="375" count="0" type="stmt"/>
        <line num="376" count="0" type="stmt"/>
        <line num="383" count="1" type="stmt"/>
      </file>
    </package>
  </project>
</coverage>
