{"D:\\ProjectPool2\\hirotoitpost\\GitHub\\VideCoding\\examples\\02-intermediate\\web-accounting-app\\server\\db.js": {"path":"D:\\ProjectPool2\\hirotoitpost\\GitHub\\VideCoding\\examples\\02-intermediate\\web-accounting-app\\server\\db.js","statementMap":{"0":{"start":{"line":8,"column":16},"end":{"line":8,"column":44}},"1":{"start":{"line":9,"column":13},"end":{"line":9,"column":28}},"2":{"start":{"line":11,"column":16},"end":{"line":11,"column":74}},"3":{"start":{"line":12,"column":17},"end":{"line":12,"column":21}},"4":{"start":{"line":17,"column":20},"end":{"line":34,"column":1}},"5":{"start":{"line":18,"column":2},"end":{"line":33,"column":5}},"6":{"start":{"line":19,"column":4},"end":{"line":22,"column":5}},"7":{"start":{"line":20,"column":6},"end":{"line":20,"column":26}},"8":{"start":{"line":21,"column":6},"end":{"line":21,"column":13}},"9":{"start":{"line":24,"column":15},"end":{"line":32,"column":6}},"10":{"start":{"line":25,"column":6},"end":{"line":31,"column":7}},"11":{"start":{"line":26,"column":8},"end":{"line":26,"column":60}},"12":{"start":{"line":27,"column":8},"end":{"line":27,"column":20}},"13":{"start":{"line":29,"column":8},"end":{"line":29,"column":24}},"14":{"start":{"line":30,"column":8},"end":{"line":30,"column":28}},"15":{"start":{"line":39,"column":27},"end":{"line":87,"column":1}},"16":{"start":{"line":40,"column":2},"end":{"line":86,"column":3}},"17":{"start":{"line":41,"column":15},"end":{"line":41,"column":34}},"18":{"start":{"line":44,"column":4},"end":{"line":79,"column":7}},"19":{"start":{"line":45,"column":6},"end":{"line":78,"column":9}},"20":{"start":{"line":46,"column":8},"end":{"line":64,"column":11}},"21":{"start":{"line":57,"column":10},"end":{"line":63,"column":11}},"22":{"start":{"line":58,"column":12},"end":{"line":58,"column":57}},"23":{"start":{"line":59,"column":12},"end":{"line":59,"column":24}},"24":{"start":{"line":61,"column":12},"end":{"line":61,"column":54}},"25":{"start":{"line":62,"column":12},"end":{"line":62,"column":22}},"26":{"start":{"line":67,"column":8},"end":{"line":71,"column":11}},"27":{"start":{"line":70,"column":10},"end":{"line":70,"column":68}},"28":{"start":{"line":70,"column":19},"end":{"line":70,"column":68}},"29":{"start":{"line":73,"column":8},"end":{"line":77,"column":11}},"30":{"start":{"line":76,"column":10},"end":{"line":76,"column":68}},"31":{"start":{"line":76,"column":19},"end":{"line":76,"column":68}},"32":{"start":{"line":81,"column":4},"end":{"line":81,"column":54}},"33":{"start":{"line":84,"column":4},"end":{"line":84,"column":62}},"34":{"start":{"line":85,"column":4},"end":{"line":85,"column":16}},"35":{"start":{"line":92,"column":17},"end":{"line":100,"column":1}},"36":{"start":{"line":93,"column":13},"end":{"line":93,"column":32}},"37":{"start":{"line":94,"column":2},"end":{"line":99,"column":5}},"38":{"start":{"line":95,"column":4},"end":{"line":98,"column":7}},"39":{"start":{"line":96,"column":6},"end":{"line":97,"column":67}},"40":{"start":{"line":96,"column":15},"end":{"line":96,"column":27}},"41":{"start":{"line":97,"column":11},"end":{"line":97,"column":67}},"42":{"start":{"line":105,"column":17},"end":{"line":113,"column":1}},"43":{"start":{"line":106,"column":13},"end":{"line":106,"column":32}},"44":{"start":{"line":107,"column":2},"end":{"line":112,"column":5}},"45":{"start":{"line":108,"column":4},"end":{"line":111,"column":7}},"46":{"start":{"line":109,"column":6},"end":{"line":110,"column":24}},"47":{"start":{"line":109,"column":15},"end":{"line":109,"column":27}},"48":{"start":{"line":110,"column":11},"end":{"line":110,"column":24}},"49":{"start":{"line":118,"column":17},"end":{"line":126,"column":1}},"50":{"start":{"line":119,"column":13},"end":{"line":119,"column":32}},"51":{"start":{"line":120,"column":2},"end":{"line":125,"column":5}},"52":{"start":{"line":121,"column":4},"end":{"line":124,"column":7}},"53":{"start":{"line":122,"column":6},"end":{"line":123,"column":31}},"54":{"start":{"line":122,"column":15},"end":{"line":122,"column":27}},"55":{"start":{"line":123,"column":11},"end":{"line":123,"column":31}},"56":{"start":{"line":132,"column":21},"end":{"line":166,"column":1}},"57":{"start":{"line":133,"column":2},"end":{"line":165,"column":3}},"58":{"start":{"line":134,"column":18},"end":{"line":134,"column":78}},"59":{"start":{"line":135,"column":4},"end":{"line":138,"column":5}},"60":{"start":{"line":136,"column":6},"end":{"line":136,"column":67}},"61":{"start":{"line":137,"column":6},"end":{"line":137,"column":13}},"62":{"start":{"line":140,"column":23},"end":{"line":151,"column":5}},"63":{"start":{"line":153,"column":4},"end":{"line":159,"column":5}},"64":{"start":{"line":154,"column":6},"end":{"line":158,"column":8}},"65":{"start":{"line":161,"column":4},"end":{"line":161,"column":69}},"66":{"start":{"line":163,"column":4},"end":{"line":163,"column":57}},"67":{"start":{"line":168,"column":0},"end":{"line":176,"column":2}}},"fnMap":{"0":{"name":"(anonymous_0)","decl":{"start":{"line":17,"column":20},"end":{"line":17,"column":21}},"loc":{"start":{"line":17,"column":26},"end":{"line":34,"column":1}},"line":17},"1":{"name":"(anonymous_1)","decl":{"start":{"line":18,"column":21},"end":{"line":18,"column":22}},"loc":{"start":{"line":18,"column":42},"end":{"line":33,"column":3}},"line":18},"2":{"name":"(anonymous_2)","decl":{"start":{"line":24,"column":45},"end":{"line":24,"column":46}},"loc":{"start":{"line":24,"column":54},"end":{"line":32,"column":5}},"line":24},"3":{"name":"(anonymous_3)","decl":{"start":{"line":39,"column":27},"end":{"line":39,"column":28}},"loc":{"start":{"line":39,"column":39},"end":{"line":87,"column":1}},"line":39},"4":{"name":"(anonymous_4)","decl":{"start":{"line":44,"column":22},"end":{"line":44,"column":23}},"loc":{"start":{"line":44,"column":43},"end":{"line":79,"column":5}},"line":44},"5":{"name":"(anonymous_5)","decl":{"start":{"line":45,"column":19},"end":{"line":45,"column":20}},"loc":{"start":{"line":45,"column":25},"end":{"line":78,"column":7}},"line":45},"6":{"name":"(anonymous_6)","decl":{"start":{"line":56,"column":11},"end":{"line":56,"column":12}},"loc":{"start":{"line":56,"column":20},"end":{"line":64,"column":9}},"line":56},"7":{"name":"(anonymous_7)","decl":{"start":{"line":69,"column":11},"end":{"line":69,"column":12}},"loc":{"start":{"line":69,"column":20},"end":{"line":71,"column":9}},"line":69},"8":{"name":"(anonymous_8)","decl":{"start":{"line":75,"column":11},"end":{"line":75,"column":12}},"loc":{"start":{"line":75,"column":20},"end":{"line":77,"column":9}},"line":75},"9":{"name":"(anonymous_9)","decl":{"start":{"line":92,"column":17},"end":{"line":92,"column":18}},"loc":{"start":{"line":92,"column":45},"end":{"line":100,"column":1}},"line":92},"10":{"name":"(anonymous_10)","decl":{"start":{"line":94,"column":21},"end":{"line":94,"column":22}},"loc":{"start":{"line":94,"column":42},"end":{"line":99,"column":3}},"line":94},"11":{"name":"(anonymous_11)","decl":{"start":{"line":95,"column":24},"end":{"line":95,"column":25}},"loc":{"start":{"line":95,"column":38},"end":{"line":98,"column":5}},"line":95},"12":{"name":"(anonymous_12)","decl":{"start":{"line":105,"column":17},"end":{"line":105,"column":18}},"loc":{"start":{"line":105,"column":45},"end":{"line":113,"column":1}},"line":105},"13":{"name":"(anonymous_13)","decl":{"start":{"line":107,"column":21},"end":{"line":107,"column":22}},"loc":{"start":{"line":107,"column":42},"end":{"line":112,"column":3}},"line":107},"14":{"name":"(anonymous_14)","decl":{"start":{"line":108,"column":24},"end":{"line":108,"column":25}},"loc":{"start":{"line":108,"column":38},"end":{"line":111,"column":5}},"line":108},"15":{"name":"(anonymous_15)","decl":{"start":{"line":118,"column":17},"end":{"line":118,"column":18}},"loc":{"start":{"line":118,"column":45},"end":{"line":126,"column":1}},"line":118},"16":{"name":"(anonymous_16)","decl":{"start":{"line":120,"column":21},"end":{"line":120,"column":22}},"loc":{"start":{"line":120,"column":42},"end":{"line":125,"column":3}},"line":120},"17":{"name":"(anonymous_17)","decl":{"start":{"line":121,"column":24},"end":{"line":121,"column":25}},"loc":{"start":{"line":121,"column":39},"end":{"line":124,"column":5}},"line":121},"18":{"name":"(anonymous_18)","decl":{"start":{"line":132,"column":21},"end":{"line":132,"column":22}},"loc":{"start":{"line":132,"column":33},"end":{"line":166,"column":1}},"line":132}},"branchMap":{"0":{"loc":{"start":{"line":11,"column":16},"end":{"line":11,"column":74}},"type":"binary-expr","locations":[{"start":{"line":11,"column":16},"end":{"line":11,"column":35}},{"start":{"line":11,"column":39},"end":{"line":11,"column":74}}],"line":11},"1":{"loc":{"start":{"line":19,"column":4},"end":{"line":22,"column":5}},"type":"if","locations":[{"start":{"line":19,"column":4},"end":{"line":22,"column":5}},{"start":{},"end":{}}],"line":19},"2":{"loc":{"start":{"line":25,"column":6},"end":{"line":31,"column":7}},"type":"if","locations":[{"start":{"line":25,"column":6},"end":{"line":31,"column":7}},{"start":{"line":28,"column":13},"end":{"line":31,"column":7}}],"line":25},"3":{"loc":{"start":{"line":57,"column":10},"end":{"line":63,"column":11}},"type":"if","locations":[{"start":{"line":57,"column":10},"end":{"line":63,"column":11}},{"start":{"line":60,"column":17},"end":{"line":63,"column":11}}],"line":57},"4":{"loc":{"start":{"line":70,"column":10},"end":{"line":70,"column":68}},"type":"if","locations":[{"start":{"line":70,"column":10},"end":{"line":70,"column":68}},{"start":{},"end":{}}],"line":70},"5":{"loc":{"start":{"line":76,"column":10},"end":{"line":76,"column":68}},"type":"if","locations":[{"start":{"line":76,"column":10},"end":{"line":76,"column":68}},{"start":{},"end":{}}],"line":76},"6":{"loc":{"start":{"line":92,"column":29},"end":{"line":92,"column":40}},"type":"default-arg","locations":[{"start":{"line":92,"column":38},"end":{"line":92,"column":40}}],"line":92},"7":{"loc":{"start":{"line":96,"column":6},"end":{"line":97,"column":67}},"type":"if","locations":[{"start":{"line":96,"column":6},"end":{"line":97,"column":67}},{"start":{"line":97,"column":11},"end":{"line":97,"column":67}}],"line":96},"8":{"loc":{"start":{"line":105,"column":29},"end":{"line":105,"column":40}},"type":"default-arg","locations":[{"start":{"line":105,"column":38},"end":{"line":105,"column":40}}],"line":105},"9":{"loc":{"start":{"line":109,"column":6},"end":{"line":110,"column":24}},"type":"if","locations":[{"start":{"line":109,"column":6},"end":{"line":110,"column":24}},{"start":{"line":110,"column":11},"end":{"line":110,"column":24}}],"line":109},"10":{"loc":{"start":{"line":118,"column":29},"end":{"line":118,"column":40}},"type":"default-arg","locations":[{"start":{"line":118,"column":38},"end":{"line":118,"column":40}}],"line":118},"11":{"loc":{"start":{"line":122,"column":6},"end":{"line":123,"column":31}},"type":"if","locations":[{"start":{"line":122,"column":6},"end":{"line":123,"column":31}},{"start":{"line":123,"column":11},"end":{"line":123,"column":31}}],"line":122},"12":{"loc":{"start":{"line":123,"column":19},"end":{"line":123,"column":29}},"type":"binary-expr","locations":[{"start":{"line":123,"column":19},"end":{"line":123,"column":23}},{"start":{"line":123,"column":27},"end":{"line":123,"column":29}}],"line":123},"13":{"loc":{"start":{"line":135,"column":4},"end":{"line":138,"column":5}},"type":"if","locations":[{"start":{"line":135,"column":4},"end":{"line":138,"column":5}},{"start":{},"end":{}}],"line":135}},"s":{"0":1,"1":1,"2":1,"3":1,"4":1,"5":67,"6":67,"7":66,"8":66,"9":1,"10":1,"11":0,"12":0,"13":1,"14":1,"15":1,"16":1,"17":1,"18":1,"19":1,"20":1,"21":1,"22":0,"23":0,"24":1,"25":1,"26":1,"27":1,"28":0,"29":1,"30":1,"31":0,"32":1,"33":0,"34":0,"35":1,"36":44,"37":44,"38":44,"39":44,"40":0,"41":44,"42":1,"43":17,"44":17,"45":17,"46":17,"47":0,"48":17,"49":1,"50":5,"51":5,"52":5,"53":5,"54":0,"55":5,"56":1,"57":0,"58":0,"59":0,"60":0,"61":0,"62":0,"63":0,"64":0,"65":0,"66":0,"67":1},"f":{"0":67,"1":67,"2":1,"3":1,"4":1,"5":1,"6":1,"7":1,"8":1,"9":44,"10":44,"11":44,"12":17,"13":17,"14":17,"15":5,"16":5,"17":5,"18":0},"b":{"0":[1,1],"1":[66,1],"2":[0,1],"3":[0,1],"4":[0,1],"5":[0,1],"6":[20],"7":[0,44],"8":[0],"9":[0,17],"10":[0],"11":[0,5],"12":[5,0],"13":[0,0]},"_coverageSchema":"1a1c01bbd47fc00a2c39e90264f33305004495a9","hash":"916ac6b42b7456b5ab5f508be0363eca142388fb"}
,"D:\\ProjectPool2\\hirotoitpost\\GitHub\\VideCoding\\examples\\02-intermediate\\web-accounting-app\\server\\routes\\transactions.js": {"path":"D:\\ProjectPool2\\hirotoitpost\\GitHub\\VideCoding\\examples\\02-intermediate\\web-accounting-app\\server\\routes\\transactions.js","statementMap":{"0":{"start":{"line":6,"column":16},"end":{"line":6,"column":34}},"1":{"start":{"line":7,"column":15},"end":{"line":7,"column":31}},"2":{"start":{"line":8,"column":11},"end":{"line":8,"column":27}},"3":{"start":{"line":21,"column":28},"end":{"line":68,"column":1}},"4":{"start":{"line":22,"column":50},"end":{"line":22,"column":58}},"5":{"start":{"line":25,"column":2},"end":{"line":30,"column":3}},"6":{"start":{"line":26,"column":4},"end":{"line":29,"column":6}},"7":{"start":{"line":33,"column":20},"end":{"line":33,"column":41}},"8":{"start":{"line":34,"column":2},"end":{"line":38,"column":3}},"9":{"start":{"line":35,"column":4},"end":{"line":37,"column":6}},"10":{"start":{"line":41,"column":26},"end":{"line":41,"column":86}},"11":{"start":{"line":42,"column":2},"end":{"line":46,"column":3}},"12":{"start":{"line":43,"column":4},"end":{"line":45,"column":6}},"13":{"start":{"line":49,"column":2},"end":{"line":53,"column":3}},"14":{"start":{"line":50,"column":4},"end":{"line":52,"column":6}},"15":{"start":{"line":56,"column":2},"end":{"line":60,"column":3}},"16":{"start":{"line":57,"column":4},"end":{"line":59,"column":6}},"17":{"start":{"line":61,"column":2},"end":{"line":65,"column":3}},"18":{"start":{"line":62,"column":4},"end":{"line":64,"column":6}},"19":{"start":{"line":67,"column":2},"end":{"line":67,"column":8}},"20":{"start":{"line":79,"column":0},"end":{"line":130,"column":2}},"21":{"start":{"line":80,"column":2},"end":{"line":129,"column":3}},"22":{"start":{"line":81,"column":45},"end":{"line":81,"column":54}},"23":{"start":{"line":82,"column":16},"end":{"line":82,"column":54}},"24":{"start":{"line":83,"column":19},"end":{"line":83,"column":21}},"25":{"start":{"line":86,"column":4},"end":{"line":92,"column":5}},"26":{"start":{"line":87,"column":6},"end":{"line":89,"column":7}},"27":{"start":{"line":88,"column":8},"end":{"line":88,"column":74}},"28":{"start":{"line":90,"column":6},"end":{"line":90,"column":31}},"29":{"start":{"line":91,"column":6},"end":{"line":91,"column":28}},"30":{"start":{"line":94,"column":4},"end":{"line":100,"column":5}},"31":{"start":{"line":95,"column":6},"end":{"line":97,"column":7}},"32":{"start":{"line":96,"column":8},"end":{"line":96,"column":72}},"33":{"start":{"line":98,"column":6},"end":{"line":98,"column":31}},"34":{"start":{"line":99,"column":6},"end":{"line":99,"column":26}},"35":{"start":{"line":103,"column":4},"end":{"line":112,"column":5}},"36":{"start":{"line":104,"column":30},"end":{"line":104,"column":90}},"37":{"start":{"line":105,"column":6},"end":{"line":109,"column":7}},"38":{"start":{"line":106,"column":8},"end":{"line":108,"column":10}},"39":{"start":{"line":110,"column":6},"end":{"line":110,"column":34}},"40":{"start":{"line":111,"column":6},"end":{"line":111,"column":27}},"41":{"start":{"line":115,"column":4},"end":{"line":115,"column":34}},"42":{"start":{"line":117,"column":25},"end":{"line":117,"column":57}},"43":{"start":{"line":118,"column":4},"end":{"line":122,"column":6}},"44":{"start":{"line":124,"column":4},"end":{"line":124,"column":56}},"45":{"start":{"line":125,"column":4},"end":{"line":128,"column":6}},"46":{"start":{"line":137,"column":0},"end":{"line":172,"column":2}},"47":{"start":{"line":138,"column":2},"end":{"line":171,"column":3}},"48":{"start":{"line":139,"column":19},"end":{"line":139,"column":29}},"49":{"start":{"line":142,"column":18},"end":{"line":142,"column":34}},"50":{"start":{"line":143,"column":4},"end":{"line":147,"column":5}},"51":{"start":{"line":144,"column":6},"end":{"line":146,"column":8}},"52":{"start":{"line":149,"column":24},"end":{"line":152,"column":5}},"53":{"start":{"line":154,"column":4},"end":{"line":159,"column":5}},"54":{"start":{"line":155,"column":6},"end":{"line":158,"column":8}},"55":{"start":{"line":161,"column":4},"end":{"line":164,"column":6}},"56":{"start":{"line":166,"column":4},"end":{"line":166,"column":55}},"57":{"start":{"line":167,"column":4},"end":{"line":170,"column":6}},"58":{"start":{"line":179,"column":0},"end":{"line":207,"column":2}},"59":{"start":{"line":180,"column":2},"end":{"line":206,"column":3}},"60":{"start":{"line":181,"column":57},"end":{"line":181,"column":65}},"61":{"start":{"line":183,"column":19},"end":{"line":187,"column":5}},"62":{"start":{"line":190,"column":24},"end":{"line":193,"column":5}},"63":{"start":{"line":195,"column":4},"end":{"line":199,"column":6}},"64":{"start":{"line":201,"column":4},"end":{"line":201,"column":55}},"65":{"start":{"line":202,"column":4},"end":{"line":205,"column":6}},"66":{"start":{"line":214,"column":0},"end":{"line":266,"column":2}},"67":{"start":{"line":215,"column":2},"end":{"line":265,"column":3}},"68":{"start":{"line":216,"column":19},"end":{"line":216,"column":29}},"69":{"start":{"line":217,"column":57},"end":{"line":217,"column":65}},"70":{"start":{"line":220,"column":18},"end":{"line":220,"column":34}},"71":{"start":{"line":221,"column":4},"end":{"line":225,"column":5}},"72":{"start":{"line":222,"column":6},"end":{"line":224,"column":8}},"73":{"start":{"line":228,"column":21},"end":{"line":231,"column":5}},"74":{"start":{"line":233,"column":4},"end":{"line":238,"column":5}},"75":{"start":{"line":234,"column":6},"end":{"line":237,"column":8}},"76":{"start":{"line":241,"column":4},"end":{"line":246,"column":5}},"77":{"start":{"line":249,"column":24},"end":{"line":252,"column":5}},"78":{"start":{"line":254,"column":4},"end":{"line":258,"column":6}},"79":{"start":{"line":260,"column":4},"end":{"line":260,"column":55}},"80":{"start":{"line":261,"column":4},"end":{"line":264,"column":6}},"81":{"start":{"line":273,"column":0},"end":{"line":316,"column":2}},"82":{"start":{"line":274,"column":2},"end":{"line":315,"column":3}},"83":{"start":{"line":275,"column":19},"end":{"line":275,"column":29}},"84":{"start":{"line":278,"column":18},"end":{"line":278,"column":34}},"85":{"start":{"line":279,"column":4},"end":{"line":283,"column":5}},"86":{"start":{"line":280,"column":6},"end":{"line":282,"column":8}},"87":{"start":{"line":286,"column":21},"end":{"line":289,"column":5}},"88":{"start":{"line":291,"column":4},"end":{"line":296,"column":5}},"89":{"start":{"line":292,"column":6},"end":{"line":295,"column":8}},"90":{"start":{"line":299,"column":4},"end":{"line":302,"column":5}},"91":{"start":{"line":304,"column":4},"end":{"line":308,"column":6}},"92":{"start":{"line":310,"column":4},"end":{"line":310,"column":55}},"93":{"start":{"line":311,"column":4},"end":{"line":314,"column":6}},"94":{"start":{"line":326,"column":0},"end":{"line":381,"column":2}},"95":{"start":{"line":327,"column":2},"end":{"line":380,"column":3}},"96":{"start":{"line":328,"column":28},"end":{"line":328,"column":37}},"97":{"start":{"line":330,"column":4},"end":{"line":334,"column":5}},"98":{"start":{"line":331,"column":6},"end":{"line":333,"column":8}},"99":{"start":{"line":337,"column":20},"end":{"line":337,"column":38}},"100":{"start":{"line":338,"column":21},"end":{"line":338,"column":40}},"101":{"start":{"line":340,"column":4},"end":{"line":344,"column":5}},"102":{"start":{"line":341,"column":6},"end":{"line":343,"column":8}},"103":{"start":{"line":346,"column":23},"end":{"line":346,"column":69}},"104":{"start":{"line":348,"column":20},"end":{"line":361,"column":5}},"105":{"start":{"line":363,"column":23},"end":{"line":366,"column":5}},"106":{"start":{"line":368,"column":4},"end":{"line":373,"column":6}},"107":{"start":{"line":375,"column":4},"end":{"line":375,"column":59}},"108":{"start":{"line":376,"column":4},"end":{"line":379,"column":6}},"109":{"start":{"line":383,"column":0},"end":{"line":383,"column":23}}},"fnMap":{"0":{"name":"(anonymous_0)","decl":{"start":{"line":21,"column":28},"end":{"line":21,"column":29}},"loc":{"start":{"line":21,"column":48},"end":{"line":68,"column":1}},"line":21},"1":{"name":"(anonymous_1)","decl":{"start":{"line":79,"column":16},"end":{"line":79,"column":17}},"loc":{"start":{"line":79,"column":36},"end":{"line":130,"column":1}},"line":79},"2":{"name":"(anonymous_2)","decl":{"start":{"line":137,"column":19},"end":{"line":137,"column":20}},"loc":{"start":{"line":137,"column":39},"end":{"line":172,"column":1}},"line":137},"3":{"name":"(anonymous_3)","decl":{"start":{"line":179,"column":38},"end":{"line":179,"column":39}},"loc":{"start":{"line":179,"column":58},"end":{"line":207,"column":1}},"line":179},"4":{"name":"(anonymous_4)","decl":{"start":{"line":214,"column":40},"end":{"line":214,"column":41}},"loc":{"start":{"line":214,"column":60},"end":{"line":266,"column":1}},"line":214},"5":{"name":"(anonymous_5)","decl":{"start":{"line":273,"column":22},"end":{"line":273,"column":23}},"loc":{"start":{"line":273,"column":42},"end":{"line":316,"column":1}},"line":273},"6":{"name":"(anonymous_6)","decl":{"start":{"line":326,"column":31},"end":{"line":326,"column":32}},"loc":{"start":{"line":326,"column":51},"end":{"line":381,"column":1}},"line":326}},"branchMap":{"0":{"loc":{"start":{"line":25,"column":2},"end":{"line":30,"column":3}},"type":"if","locations":[{"start":{"line":25,"column":2},"end":{"line":30,"column":3}},{"start":{},"end":{}}],"line":25},"1":{"loc":{"start":{"line":25,"column":6},"end":{"line":25,"column":48}},"type":"binary-expr","locations":[{"start":{"line":25,"column":6},"end":{"line":25,"column":11}},{"start":{"line":25,"column":15},"end":{"line":25,"column":24}},{"start":{"line":25,"column":28},"end":{"line":25,"column":48}}],"line":25},"2":{"loc":{"start":{"line":34,"column":2},"end":{"line":38,"column":3}},"type":"if","locations":[{"start":{"line":34,"column":2},"end":{"line":38,"column":3}},{"start":{},"end":{}}],"line":34},"3":{"loc":{"start":{"line":42,"column":2},"end":{"line":46,"column":3}},"type":"if","locations":[{"start":{"line":42,"column":2},"end":{"line":46,"column":3}},{"start":{},"end":{}}],"line":42},"4":{"loc":{"start":{"line":49,"column":2},"end":{"line":53,"column":3}},"type":"if","locations":[{"start":{"line":49,"column":2},"end":{"line":53,"column":3}},{"start":{},"end":{}}],"line":49},"5":{"loc":{"start":{"line":49,"column":6},"end":{"line":49,"column":47}},"type":"binary-expr","locations":[{"start":{"line":49,"column":6},"end":{"line":49,"column":32}},{"start":{"line":49,"column":36},"end":{"line":49,"column":47}}],"line":49},"6":{"loc":{"start":{"line":56,"column":2},"end":{"line":60,"column":3}},"type":"if","locations":[{"start":{"line":56,"column":2},"end":{"line":60,"column":3}},{"start":{},"end":{}}],"line":56},"7":{"loc":{"start":{"line":56,"column":6},"end":{"line":56,"column":52}},"type":"binary-expr","locations":[{"start":{"line":56,"column":6},"end":{"line":56,"column":17}},{"start":{"line":56,"column":21},"end":{"line":56,"column":52}}],"line":56},"8":{"loc":{"start":{"line":61,"column":2},"end":{"line":65,"column":3}},"type":"if","locations":[{"start":{"line":61,"column":2},"end":{"line":65,"column":3}},{"start":{},"end":{}}],"line":61},"9":{"loc":{"start":{"line":61,"column":6},"end":{"line":61,"column":45}},"type":"binary-expr","locations":[{"start":{"line":61,"column":6},"end":{"line":61,"column":17}},{"start":{"line":61,"column":21},"end":{"line":61,"column":45}}],"line":61},"10":{"loc":{"start":{"line":86,"column":4},"end":{"line":92,"column":5}},"type":"if","locations":[{"start":{"line":86,"column":4},"end":{"line":92,"column":5}},{"start":{},"end":{}}],"line":86},"11":{"loc":{"start":{"line":87,"column":6},"end":{"line":89,"column":7}},"type":"if","locations":[{"start":{"line":87,"column":6},"end":{"line":89,"column":7}},{"start":{},"end":{}}],"line":87},"12":{"loc":{"start":{"line":94,"column":4},"end":{"line":100,"column":5}},"type":"if","locations":[{"start":{"line":94,"column":4},"end":{"line":100,"column":5}},{"start":{},"end":{}}],"line":94},"13":{"loc":{"start":{"line":95,"column":6},"end":{"line":97,"column":7}},"type":"if","locations":[{"start":{"line":95,"column":6},"end":{"line":97,"column":7}},{"start":{},"end":{}}],"line":95},"14":{"loc":{"start":{"line":103,"column":4},"end":{"line":112,"column":5}},"type":"if","locations":[{"start":{"line":103,"column":4},"end":{"line":112,"column":5}},{"start":{},"end":{}}],"line":103},"15":{"loc":{"start":{"line":105,"column":6},"end":{"line":109,"column":7}},"type":"if","locations":[{"start":{"line":105,"column":6},"end":{"line":109,"column":7}},{"start":{},"end":{}}],"line":105},"16":{"loc":{"start":{"line":143,"column":4},"end":{"line":147,"column":5}},"type":"if","locations":[{"start":{"line":143,"column":4},"end":{"line":147,"column":5}},{"start":{},"end":{}}],"line":143},"17":{"loc":{"start":{"line":143,"column":8},"end":{"line":143,"column":34}},"type":"binary-expr","locations":[{"start":{"line":143,"column":8},"end":{"line":143,"column":20}},{"start":{"line":143,"column":24},"end":{"line":143,"column":34}}],"line":143},"18":{"loc":{"start":{"line":154,"column":4},"end":{"line":159,"column":5}},"type":"if","locations":[{"start":{"line":154,"column":4},"end":{"line":159,"column":5}},{"start":{},"end":{}}],"line":154},"19":{"loc":{"start":{"line":181,"column":36},"end":{"line":181,"column":52}},"type":"default-arg","locations":[{"start":{"line":181,"column":50},"end":{"line":181,"column":52}}],"line":181},"20":{"loc":{"start":{"line":217,"column":36},"end":{"line":217,"column":52}},"type":"default-arg","locations":[{"start":{"line":217,"column":50},"end":{"line":217,"column":52}}],"line":217},"21":{"loc":{"start":{"line":221,"column":4},"end":{"line":225,"column":5}},"type":"if","locations":[{"start":{"line":221,"column":4},"end":{"line":225,"column":5}},{"start":{},"end":{}}],"line":221},"22":{"loc":{"start":{"line":221,"column":8},"end":{"line":221,"column":34}},"type":"binary-expr","locations":[{"start":{"line":221,"column":8},"end":{"line":221,"column":20}},{"start":{"line":221,"column":24},"end":{"line":221,"column":34}}],"line":221},"23":{"loc":{"start":{"line":233,"column":4},"end":{"line":238,"column":5}},"type":"if","locations":[{"start":{"line":233,"column":4},"end":{"line":238,"column":5}},{"start":{},"end":{}}],"line":233},"24":{"loc":{"start":{"line":279,"column":4},"end":{"line":283,"column":5}},"type":"if","locations":[{"start":{"line":279,"column":4},"end":{"line":283,"column":5}},{"start":{},"end":{}}],"line":279},"25":{"loc":{"start":{"line":279,"column":8},"end":{"line":279,"column":34}},"type":"binary-expr","locations":[{"start":{"line":279,"column":8},"end":{"line":279,"column":20}},{"start":{"line":279,"column":24},"end":{"line":279,"column":34}}],"line":279},"26":{"loc":{"start":{"line":291,"column":4},"end":{"line":296,"column":5}},"type":"if","locations":[{"start":{"line":291,"column":4},"end":{"line":296,"column":5}},{"start":{},"end":{}}],"line":291},"27":{"loc":{"start":{"line":330,"column":4},"end":{"line":334,"column":5}},"type":"if","locations":[{"start":{"line":330,"column":4},"end":{"line":334,"column":5}},{"start":{},"end":{}}],"line":330},"28":{"loc":{"start":{"line":330,"column":8},"end":{"line":330,"column":23}},"type":"binary-expr","locations":[{"start":{"line":330,"column":8},"end":{"line":330,"column":13}},{"start":{"line":330,"column":17},"end":{"line":330,"column":23}}],"line":330},"29":{"loc":{"start":{"line":340,"column":4},"end":{"line":344,"column":5}},"type":"if","locations":[{"start":{"line":340,"column":4},"end":{"line":344,"column":5}},{"start":{},"end":{}}],"line":340},"30":{"loc":{"start":{"line":340,"column":8},"end":{"line":340,"column":74}},"type":"binary-expr","locations":[{"start":{"line":340,"column":8},"end":{"line":340,"column":22}},{"start":{"line":340,"column":26},"end":{"line":340,"column":41}},{"start":{"line":340,"column":45},"end":{"line":340,"column":57}},{"start":{"line":340,"column":61},"end":{"line":340,"column":74}}],"line":340},"31":{"loc":{"start":{"line":372,"column":18},"end":{"line":372,"column":40}},"type":"binary-expr","locations":[{"start":{"line":372,"column":18},"end":{"line":372,"column":35}},{"start":{"line":372,"column":39},"end":{"line":372,"column":40}}],"line":372}},"s":{"0":1,"1":1,"2":1,"3":1,"4":10,"5":10,"6":1,"7":9,"8":9,"9":1,"10":8,"11":8,"12":1,"13":7,"14":1,"15":6,"16":0,"17":6,"18":0,"19":6,"20":1,"21":4,"22":4,"23":4,"24":4,"25":4,"26":1,"27":0,"28":1,"29":1,"30":4,"31":1,"32":0,"33":1,"34":1,"35":4,"36":1,"37":1,"38":0,"39":1,"40":1,"41":4,"42":4,"43":4,"44":0,"45":0,"46":1,"47":6,"48":6,"49":6,"50":6,"51":1,"52":5,"53":5,"54":3,"55":2,"56":0,"57":0,"58":1,"59":3,"60":3,"61":3,"62":3,"63":3,"64":0,"65":0,"66":1,"67":3,"68":3,"69":3,"70":3,"71":3,"72":0,"73":3,"74":3,"75":1,"76":2,"77":2,"78":2,"79":0,"80":0,"81":1,"82":3,"83":3,"84":3,"85":3,"86":0,"87":3,"88":3,"89":1,"90":2,"91":2,"92":0,"93":0,"94":1,"95":2,"96":2,"97":2,"98":1,"99":1,"100":1,"101":1,"102":0,"103":1,"104":1,"105":1,"106":1,"107":0,"108":0,"109":1},"f":{"0":10,"1":4,"2":6,"3":3,"4":3,"5":3,"6":2},"b":{"0":[1,9],"1":[10,10,10],"2":[1,8],"3":[1,7],"4":[1,6],"5":[7,7],"6":[0,6],"7":[6,2],"8":[0,6],"9":[6,2],"10":[1,3],"11":[0,1],"12":[1,3],"13":[0,1],"14":[1,3],"15":[0,1],"16":[1,5],"17":[6,5],"18":[3,2],"19":[2],"20":[2],"21":[0,3],"22":[3,3],"23":[1,2],"24":[0,3],"25":[3,3],"26":[1,2],"27":[1,1],"28":[2,2],"29":[0,1],"30":[1,1,1,1],"31":[1,0]},"_coverageSchema":"1a1c01bbd47fc00a2c39e90264f33305004495a9","hash":"1bfb9f4f67b45377e5b2af5a94e317e1b5046f1a"}
}
