TN:
SF:db.js
FN:17,(anonymous_0)
FN:18,(anonymous_1)
FN:24,(anonymous_2)
FN:39,(anonymous_3)
FN:44,(anonymous_4)
FN:45,(anonymous_5)
FN:56,(anonymous_6)
FN:69,(anonymous_7)
FN:75,(anonymous_8)
FN:92,(anonymous_9)
FN:94,(anonymous_10)
FN:95,(anonymous_11)
FN:105,(anonymous_12)
FN:107,(anonymous_13)
FN:108,(anonymous_14)
FN:118,(anonymous_15)
FN:120,(anonymous_16)
FN:121,(anonymous_17)
FN:132,(anonymous_18)
FNF:19
FNH:18
FNDA:67,(anonymous_0)
FNDA:67,(anonymous_1)
FNDA:1,(anonymous_2)
FNDA:1,(anonymous_3)
FNDA:1,(anonymous_4)
FNDA:1,(anonymous_5)
FNDA:1,(anonymous_6)
FNDA:1,(anonymous_7)
FNDA:1,(anonymous_8)
FNDA:44,(anonymous_9)
FNDA:44,(anonymous_10)
FNDA:44,(anonymous_11)
FNDA:17,(anonymous_12)
FNDA:17,(anonymous_13)
FNDA:17,(anonymous_14)
FNDA:5,(anonymous_15)
FNDA:5,(anonymous_16)
FNDA:5,(anonymous_17)
FNDA:0,(anonymous_18)
DA:8,1
DA:9,1
DA:11,1
DA:12,1
DA:17,1
DA:18,67
DA:19,67
DA:20,66
DA:21,66
DA:24,1
DA:25,1
DA:26,0
DA:27,0
DA:29,1
DA:30,1
DA:39,1
DA:40,1
DA:41,1
DA:44,1
DA:45,1
DA:46,1
DA:57,1
DA:58,0
DA:59,0
DA:61,1
DA:62,1
DA:67,1
DA:70,1
DA:73,1
DA:76,1
DA:81,1
DA:84,0
DA:85,0
DA:92,1
DA:93,44
DA:94,44
DA:95,44
DA:96,44
DA:97,44
DA:105,1
DA:106,17
DA:107,17
DA:108,17
DA:109,17
DA:110,17
DA:118,1
DA:119,5
DA:120,5
DA:121,5
DA:122,5
DA:123,5
DA:132,1
DA:133,0
DA:134,0
DA:135,0
DA:136,0
DA:137,0
DA:140,0
DA:153,0
DA:154,0
DA:161,0
DA:163,0
DA:168,1
LF:63
LH:47
BRDA:11,0,0,1
BRDA:11,0,1,1
BRDA:19,1,0,66
BRDA:19,1,1,1
BRDA:25,2,0,0
BRDA:25,2,1,1
BRDA:57,3,0,0
BRDA:57,3,1,1
BRDA:70,4,0,0
BRDA:70,4,1,1
BRDA:76,5,0,0
BRDA:76,5,1,1
BRDA:92,6,0,20
BRDA:96,7,0,0
BRDA:96,7,1,44
BRDA:105,8,0,0
BRDA:109,9,0,0
BRDA:109,9,1,17
BRDA:118,10,0,0
BRDA:122,11,0,0
BRDA:122,11,1,5
BRDA:123,12,0,5
BRDA:123,12,1,0
BRDA:135,13,0,0
BRDA:135,13,1,0
BRF:25
BRH:13
end_of_record
TN:
SF:routes\transactions.js
FN:21,(anonymous_0)
FN:79,(anonymous_1)
FN:137,(anonymous_2)
FN:179,(anonymous_3)
FN:214,(anonymous_4)
FN:273,(anonymous_5)
FN:326,(anonymous_6)
FNF:7
FNH:7
FNDA:10,(anonymous_0)
FNDA:4,(anonymous_1)
FNDA:6,(anonymous_2)
FNDA:3,(anonymous_3)
FNDA:3,(anonymous_4)
FNDA:3,(anonymous_5)
FNDA:2,(anonymous_6)
DA:6,1
DA:7,1
DA:8,1
DA:21,1
DA:22,10
DA:25,10
DA:26,1
DA:33,9
DA:34,9
DA:35,1
DA:41,8
DA:42,8
DA:43,1
DA:49,7
DA:50,1
DA:56,6
DA:57,0
DA:61,6
DA:62,0
DA:67,6
DA:79,1
DA:80,4
DA:81,4
DA:82,4
DA:83,4
DA:86,4
DA:87,1
DA:88,0
DA:90,1
DA:91,1
DA:94,4
DA:95,1
DA:96,0
DA:98,1
DA:99,1
DA:103,4
DA:104,1
DA:105,1
DA:106,0
DA:110,1
DA:111,1
DA:115,4
DA:117,4
DA:118,4
DA:124,0
DA:125,0
DA:137,1
DA:138,6
DA:139,6
DA:142,6
DA:143,6
DA:144,1
DA:149,5
DA:154,5
DA:155,3
DA:161,2
DA:166,0
DA:167,0
DA:179,1
DA:180,3
DA:181,3
DA:183,3
DA:190,3
DA:195,3
DA:201,0
DA:202,0
DA:214,1
DA:215,3
DA:216,3
DA:217,3
DA:220,3
DA:221,3
DA:222,0
DA:228,3
DA:233,3
DA:234,1
DA:241,2
DA:249,2
DA:254,2
DA:260,0
DA:261,0
DA:273,1
DA:274,3
DA:275,3
DA:278,3
DA:279,3
DA:280,0
DA:286,3
DA:291,3
DA:292,1
DA:299,2
DA:304,2
DA:310,0
DA:311,0
DA:326,1
DA:327,2
DA:328,2
DA:330,2
DA:331,1
DA:337,1
DA:338,1
DA:340,1
DA:341,0
DA:346,1
DA:348,1
DA:363,1
DA:368,1
DA:375,0
DA:376,0
DA:383,1
LF:110
LH:90
BRDA:25,0,0,1
BRDA:25,0,1,9
BRDA:25,1,0,10
BRDA:25,1,1,10
BRDA:25,1,2,10
BRDA:34,2,0,1
BRDA:34,2,1,8
BRDA:42,3,0,1
BRDA:42,3,1,7
BRDA:49,4,0,1
BRDA:49,4,1,6
BRDA:49,5,0,7
BRDA:49,5,1,7
BRDA:56,6,0,0
BRDA:56,6,1,6
BRDA:56,7,0,6
BRDA:56,7,1,2
BRDA:61,8,0,0
BRDA:61,8,1,6
BRDA:61,9,0,6
BRDA:61,9,1,2
BRDA:86,10,0,1
BRDA:86,10,1,3
BRDA:87,11,0,0
BRDA:87,11,1,1
BRDA:94,12,0,1
BRDA:94,12,1,3
BRDA:95,13,0,0
BRDA:95,13,1,1
BRDA:103,14,0,1
BRDA:103,14,1,3
BRDA:105,15,0,0
BRDA:105,15,1,1
BRDA:143,16,0,1
BRDA:143,16,1,5
BRDA:143,17,0,6
BRDA:143,17,1,5
BRDA:154,18,0,3
BRDA:154,18,1,2
BRDA:181,19,0,2
BRDA:217,20,0,2
BRDA:221,21,0,0
BRDA:221,21,1,3
BRDA:221,22,0,3
BRDA:221,22,1,3
BRDA:233,23,0,1
BRDA:233,23,1,2
BRDA:279,24,0,0
BRDA:279,24,1,3
BRDA:279,25,0,3
BRDA:279,25,1,3
BRDA:291,26,0,1
BRDA:291,26,1,2
BRDA:330,27,0,1
BRDA:330,27,1,1
BRDA:330,28,0,2
BRDA:330,28,1,2
BRDA:340,29,0,0
BRDA:340,29,1,1
BRDA:340,30,0,1
BRDA:340,30,1,1
BRDA:340,30,2,1
BRDA:340,30,3,1
BRDA:372,31,0,1
BRDA:372,31,1,0
BRF:65
BRH:56
end_of_record
